build/app/intermediates/manifest_merge_blame_file/release/manifest-merger-blame-release-report.txt
1<?xml version="1.0" encoding="utf-8"?>
2<manifest xmlns:android="http://schemas.android.com/apk/res/android"
3    package="com.example.donation_app"
4    android:versionCode="4001"
5    android:versionName="1.0.0" >
6
7    <uses-sdk
8        android:minSdkVersion="20"
8-->src\main\AndroidManifest.xml
9        android:targetSdkVersion="33" />
9-->src\main\AndroidManifest.xml
10
11    <uses-permission android:name="android.permission.ACCESS_FINE_LOCATION" />
11-->src\main\AndroidManifest.xml:2:4-78
11-->src\main\AndroidManifest.xml:2:21-75
12    <uses-permission android:name="android.permission.ACCESS_COARSE_LOCATION" />
12-->src\main\AndroidManifest.xml:3:4-80
12-->src\main\AndroidManifest.xml:3:21-77
13    <uses-permission android:name="android.permission.WRITE_INTERNAL_STORAGE" />
13-->src\main\AndroidManifest.xml:4:5-81
13-->src\main\AndroidManifest.xml:4:22-78
14    <uses-permission android:name="android.permission.READ_INTERNAL_STORAGE" />
14-->src\main\AndroidManifest.xml:5:5-80
14-->src\main\AndroidManifest.xml:5:22-77
15    <uses-permission android:name="android.permission.INTERNET" />
15-->[:firebase_messaging] AndroidManifest.xml:9:5-67
15-->[:firebase_messaging] AndroidManifest.xml:9:22-64
16    <uses-permission android:name="android.permission.WAKE_LOCK" />
16-->[:firebase_messaging] AndroidManifest.xml:10:5-68
16-->[:firebase_messaging] AndroidManifest.xml:10:22-65
17    <uses-permission android:name="android.permission.ACCESS_NETWORK_STATE" /> <!-- Permissions options for the `notification` group -->
17-->[:firebase_messaging] AndroidManifest.xml:11:5-79
17-->[:firebase_messaging] AndroidManifest.xml:11:22-76
18    <uses-permission android:name="android.permission.POST_NOTIFICATIONS" />
18-->[:firebase_messaging] AndroidManifest.xml:13:5-77
18-->[:firebase_messaging] AndroidManifest.xml:13:22-74
19    <uses-permission android:name="android.permission.FOREGROUND_SERVICE" />
19-->[:geolocator_android] AndroidManifest.xml:9:5-77
19-->[:geolocator_android] AndroidManifest.xml:9:22-74
20    <uses-permission android:name="android.permission.RECEIVE_BOOT_COMPLETED" />
20-->[:flutter_local_notifications] AndroidManifest.xml:9:5-81
20-->[:flutter_local_notifications] AndroidManifest.xml:9:22-78
21    <uses-permission android:name="android.permission.VIBRATE" />
21-->[:flutter_local_notifications] AndroidManifest.xml:10:5-66
21-->[:flutter_local_notifications] AndroidManifest.xml:10:22-63
22    <uses-permission android:name="android.permission.USE_FULL_SCREEN_INTENT" />
22-->[:flutter_local_notifications] AndroidManifest.xml:11:5-81
22-->[:flutter_local_notifications] AndroidManifest.xml:11:22-78
23    <uses-permission android:name="android.permission.SCHEDULE_EXACT_ALARM" />
23-->[:flutter_local_notifications] AndroidManifest.xml:12:5-79
23-->[:flutter_local_notifications] AndroidManifest.xml:12:22-76
24
25    <uses-feature
25-->[com.google.android.gms:play-services-maps:18.1.0] AndroidManifest.xml:26:5-28:35
26        android:glEsVersion="0x00020000"
26-->[com.google.android.gms:play-services-maps:18.1.0] AndroidManifest.xml:27:9-41
27        android:required="true" />
27-->[com.google.android.gms:play-services-maps:18.1.0] AndroidManifest.xml:28:9-32
28
29    <queries>
29-->[com.google.android.gms:play-services-maps:18.1.0] AndroidManifest.xml:30:5-34:15
30
31        <!-- Needs to be explicitly declared on Android R+ -->
32        <package android:name="com.google.android.apps.maps" />
32-->[com.google.android.gms:play-services-maps:18.1.0] AndroidManifest.xml:33:9-64
32-->[com.google.android.gms:play-services-maps:18.1.0] AndroidManifest.xml:33:18-61
33    </queries> <!-- Required by older versions of Google Play services to create IID tokens -->
34    <uses-permission android:name="com.google.android.c2dm.permission.RECEIVE" />
34-->[com.google.firebase:firebase-iid:21.1.0] AndroidManifest.xml:26:5-82
34-->[com.google.firebase:firebase-iid:21.1.0] AndroidManifest.xml:26:22-79
35    <uses-permission android:name="com.google.android.gms.permission.AD_ID" />
35-->[com.google.android.gms:play-services-measurement-api:21.3.0] AndroidManifest.xml:25:5-79
35-->[com.google.android.gms:play-services-measurement-api:21.3.0] AndroidManifest.xml:25:22-76
36    <uses-permission android:name="com.google.android.finsky.permission.BIND_GET_INSTALL_REFERRER_SERVICE" />
36-->[com.google.android.gms:play-services-measurement:21.3.0] AndroidManifest.xml:26:5-110
36-->[com.google.android.gms:play-services-measurement:21.3.0] AndroidManifest.xml:26:22-107
37
38    <permission
38-->[androidx.core:core:1.10.1] AndroidManifest.xml:22:5-24:47
39        android:name="com.example.donation_app.DYNAMIC_RECEIVER_NOT_EXPORTED_PERMISSION"
39-->[androidx.core:core:1.10.1] AndroidManifest.xml:23:9-81
40        android:protectionLevel="signature" />
40-->[androidx.core:core:1.10.1] AndroidManifest.xml:24:9-44
41
42    <uses-permission android:name="com.example.donation_app.DYNAMIC_RECEIVER_NOT_EXPORTED_PERMISSION" />
42-->[androidx.core:core:1.10.1] AndroidManifest.xml:26:5-97
42-->[androidx.core:core:1.10.1] AndroidManifest.xml:26:22-94
43
44    <application
45        android:name="android.app.Application"
45-->src\main\AndroidManifest.xml:8:9-42
46        android:appComponentFactory="androidx.core.app.CoreComponentFactory"
46-->[androidx.core:core:1.10.1] AndroidManifest.xml:28:18-86
47        android:icon="@mipmap/ic_launcher"
47-->src\main\AndroidManifest.xml:9:9-43
48        android:label="donation_app" >
48-->src\main\AndroidManifest.xml:7:9-37
49        <meta-data
49-->src\main\AndroidManifest.xml:10:9-11:70
50            android:name="com.google.android.geo.API_KEY"
50-->src\main\AndroidManifest.xml:10:20-65
51            android:value="AIzaSyBhJ2QJhSVwOR7lNCQQGDqE2vraGinYlB0" />
51-->src\main\AndroidManifest.xml:11:13-68
52
53        <activity
53-->src\main\AndroidManifest.xml:12:9-32:20
54            android:name="com.example.donation_app.MainActivity"
54-->src\main\AndroidManifest.xml:13:13-41
55            android:configChanges="orientation|keyboardHidden|keyboard|screenSize|smallestScreenSize|locale|layoutDirection|fontScale|screenLayout|density|uiMode"
55-->src\main\AndroidManifest.xml:17:13-163
56            android:exported="true"
56-->src\main\AndroidManifest.xml:14:13-36
57            android:hardwareAccelerated="true"
57-->src\main\AndroidManifest.xml:18:13-47
58            android:launchMode="singleTop"
58-->src\main\AndroidManifest.xml:15:13-43
59            android:theme="@style/LaunchTheme"
59-->src\main\AndroidManifest.xml:16:13-47
60            android:windowSoftInputMode="adjustResize" >
60-->src\main\AndroidManifest.xml:19:13-55
61
62            <!--
63                 Specifies an Android theme to apply to this Activity as soon as
64                 the Android process has started. This theme is visible to the user
65                 while the Flutter UI initializes. After that, this theme continues
66                 to determine the Window background behind the Flutter UI.
67            -->
68            <meta-data
68-->src\main\AndroidManifest.xml:24:13-27:17
69                android:name="io.flutter.embedding.android.NormalTheme"
69-->src\main\AndroidManifest.xml:25:15-70
70                android:resource="@style/NormalTheme" />
70-->src\main\AndroidManifest.xml:26:15-52
71
72            <intent-filter>
72-->src\main\AndroidManifest.xml:28:13-31:29
73                <action android:name="android.intent.action.MAIN" />
73-->src\main\AndroidManifest.xml:29:17-68
73-->src\main\AndroidManifest.xml:29:25-66
74
75                <category android:name="android.intent.category.LAUNCHER" />
75-->src\main\AndroidManifest.xml:30:17-76
75-->src\main\AndroidManifest.xml:30:27-74
76            </intent-filter>
77        </activity>
78        <!--
79             Don't delete the meta-data below.
80             This is used by the Flutter tool to generate GeneratedPluginRegistrant.java
81        -->
82        <meta-data
82-->src\main\AndroidManifest.xml:35:9-37:33
83            android:name="flutterEmbedding"
83-->src\main\AndroidManifest.xml:36:13-44
84            android:value="2" />
84-->src\main\AndroidManifest.xml:37:13-30
85
86        <service
86-->[:cloud_firestore] AndroidManifest.xml:10:9-14:19
87            android:name="com.google.firebase.components.ComponentDiscoveryService"
87-->[:cloud_firestore] AndroidManifest.xml:10:18-89
88            android:directBootAware="true"
88-->[com.google.firebase:firebase-common:20.3.3] AndroidManifest.xml:34:13-43
89            android:exported="false" >
89-->[com.google.firebase:firebase-auth:22.1.0] AndroidManifest.xml:68:13-37
90            <meta-data
90-->[:cloud_firestore] AndroidManifest.xml:11:13-13:85
91                android:name="com.google.firebase.components:io.flutter.plugins.firebase.firestore.FlutterFirebaseFirestoreRegistrar"
91-->[:cloud_firestore] AndroidManifest.xml:12:17-134
92                android:value="com.google.firebase.components.ComponentRegistrar" />
92-->[:cloud_firestore] AndroidManifest.xml:13:17-82
93            <meta-data
93-->[:firebase_auth] AndroidManifest.xml:11:13-13:85
94                android:name="com.google.firebase.components:io.flutter.plugins.firebase.auth.FlutterFirebaseAuthRegistrar"
94-->[:firebase_auth] AndroidManifest.xml:12:17-124
95                android:value="com.google.firebase.components.ComponentRegistrar" />
95-->[:firebase_auth] AndroidManifest.xml:13:17-82
96            <meta-data
96-->[:firebase_storage] AndroidManifest.xml:11:13-13:85
97                android:name="com.google.firebase.components:io.flutter.plugins.firebase.storage.FlutterFirebaseAppRegistrar"
97-->[:firebase_storage] AndroidManifest.xml:12:17-126
98                android:value="com.google.firebase.components.ComponentRegistrar" />
98-->[:firebase_storage] AndroidManifest.xml:13:17-82
99            <meta-data
99-->[:firebase_messaging] AndroidManifest.xml:38:13-40:85
100                android:name="com.google.firebase.components:io.flutter.plugins.firebase.messaging.FlutterFirebaseAppRegistrar"
100-->[:firebase_messaging] AndroidManifest.xml:39:17-128
101                android:value="com.google.firebase.components.ComponentRegistrar" />
101-->[:firebase_messaging] AndroidManifest.xml:40:17-82
102            <meta-data
102-->[:firebase_core] AndroidManifest.xml:11:13-13:85
103                android:name="com.google.firebase.components:io.flutter.plugins.firebase.core.FlutterFirebaseCoreRegistrar"
103-->[:firebase_core] AndroidManifest.xml:12:17-124
104                android:value="com.google.firebase.components.ComponentRegistrar" />
104-->[:firebase_core] AndroidManifest.xml:13:17-82
105            <meta-data
105-->[com.google.firebase:firebase-auth:22.1.0] AndroidManifest.xml:69:13-71:85
106                android:name="com.google.firebase.components:com.google.firebase.auth.FirebaseAuthRegistrar"
106-->[com.google.firebase:firebase-auth:22.1.0] AndroidManifest.xml:70:17-109
107                android:value="com.google.firebase.components.ComponentRegistrar" />
107-->[com.google.firebase:firebase-auth:22.1.0] AndroidManifest.xml:71:17-82
108            <meta-data
108-->[com.google.firebase:firebase-firestore:24.7.0] AndroidManifest.xml:19:13-21:85
109                android:name="com.google.firebase.components:com.google.firebase.firestore.FirestoreRegistrar"
109-->[com.google.firebase:firebase-firestore:24.7.0] AndroidManifest.xml:20:17-111
110                android:value="com.google.firebase.components.ComponentRegistrar" />
110-->[com.google.firebase:firebase-firestore:24.7.0] AndroidManifest.xml:21:17-82
111            <meta-data
111-->[com.google.firebase:firebase-storage:20.2.1] AndroidManifest.xml:32:13-34:85
112                android:name="com.google.firebase.components:com.google.firebase.storage.StorageRegistrar"
112-->[com.google.firebase:firebase-storage:20.2.1] AndroidManifest.xml:33:17-107
113                android:value="com.google.firebase.components.ComponentRegistrar" />
113-->[com.google.firebase:firebase-storage:20.2.1] AndroidManifest.xml:34:17-82
114            <meta-data
114-->[com.google.firebase:firebase-iid:21.1.0] AndroidManifest.xml:32:13-34:85
115                android:name="com.google.firebase.components:com.google.firebase.iid.Registrar"
115-->[com.google.firebase:firebase-iid:21.1.0] AndroidManifest.xml:33:17-96
116                android:value="com.google.firebase.components.ComponentRegistrar" />
116-->[com.google.firebase:firebase-iid:21.1.0] AndroidManifest.xml:34:17-82
117            <meta-data
117-->[com.google.firebase:firebase-messaging:23.2.0] AndroidManifest.xml:55:13-57:85
118                android:name="com.google.firebase.components:com.google.firebase.messaging.FirebaseMessagingRegistrar"
118-->[com.google.firebase:firebase-messaging:23.2.0] AndroidManifest.xml:56:17-119
119                android:value="com.google.firebase.components.ComponentRegistrar" />
119-->[com.google.firebase:firebase-messaging:23.2.0] AndroidManifest.xml:57:17-82
120            <meta-data
120-->[com.google.android.gms:play-services-measurement-api:21.3.0] AndroidManifest.xml:31:13-33:85
121                android:name="com.google.firebase.components:com.google.firebase.analytics.connector.internal.AnalyticsConnectorRegistrar"
121-->[com.google.android.gms:play-services-measurement-api:21.3.0] AndroidManifest.xml:32:17-139
122                android:value="com.google.firebase.components.ComponentRegistrar" />
122-->[com.google.android.gms:play-services-measurement-api:21.3.0] AndroidManifest.xml:33:17-82
123            <meta-data
123-->[com.google.firebase:firebase-installations:17.1.3] AndroidManifest.xml:17:13-19:85
124                android:name="com.google.firebase.components:com.google.firebase.installations.FirebaseInstallationsRegistrar"
124-->[com.google.firebase:firebase-installations:17.1.3] AndroidManifest.xml:18:17-127
125                android:value="com.google.firebase.components.ComponentRegistrar" />
125-->[com.google.firebase:firebase-installations:17.1.3] AndroidManifest.xml:19:17-82
126            <meta-data
126-->[com.google.firebase:firebase-datatransport:18.1.7] AndroidManifest.xml:27:13-29:85
127                android:name="com.google.firebase.components:com.google.firebase.datatransport.TransportRegistrar"
127-->[com.google.firebase:firebase-datatransport:18.1.7] AndroidManifest.xml:28:17-115
128                android:value="com.google.firebase.components.ComponentRegistrar" />
128-->[com.google.firebase:firebase-datatransport:18.1.7] AndroidManifest.xml:29:17-82
129        </service>
130        <service
130-->[:firebase_messaging] AndroidManifest.xml:16:9-19:72
131            android:name="io.flutter.plugins.firebase.messaging.FlutterFirebaseMessagingBackgroundService"
131-->[:firebase_messaging] AndroidManifest.xml:17:13-107
132            android:exported="false"
132-->[:firebase_messaging] AndroidManifest.xml:18:13-37
133            android:permission="android.permission.BIND_JOB_SERVICE" />
133-->[:firebase_messaging] AndroidManifest.xml:19:13-69
134        <service
134-->[:firebase_messaging] AndroidManifest.xml:20:9-26:19
135            android:name="io.flutter.plugins.firebase.messaging.FlutterFirebaseMessagingService"
135-->[:firebase_messaging] AndroidManifest.xml:21:13-97
136            android:exported="false" >
136-->[:firebase_messaging] AndroidManifest.xml:22:13-37
137            <intent-filter>
137-->[:firebase_messaging] AndroidManifest.xml:23:13-25:29
138                <action android:name="com.google.firebase.MESSAGING_EVENT" />
138-->[:firebase_messaging] AndroidManifest.xml:24:17-78
138-->[:firebase_messaging] AndroidManifest.xml:24:25-75
139            </intent-filter>
140        </service>
141
142        <receiver
142-->[:firebase_messaging] AndroidManifest.xml:28:9-35:20
143            android:name="io.flutter.plugins.firebase.messaging.FlutterFirebaseMessagingReceiver"
143-->[:firebase_messaging] AndroidManifest.xml:29:13-98
144            android:exported="true"
144-->[:firebase_messaging] AndroidManifest.xml:30:13-36
145            android:permission="com.google.android.c2dm.permission.SEND" >
145-->[:firebase_messaging] AndroidManifest.xml:31:13-73
146            <intent-filter>
146-->[:firebase_messaging] AndroidManifest.xml:32:13-34:29
147                <action android:name="com.google.android.c2dm.intent.RECEIVE" />
147-->[:firebase_messaging] AndroidManifest.xml:33:17-81
147-->[:firebase_messaging] AndroidManifest.xml:33:25-78
148            </intent-filter>
149        </receiver>
150
151        <provider
151-->[:firebase_messaging] AndroidManifest.xml:43:9-47:38
152            android:name="io.flutter.plugins.firebase.messaging.FlutterFirebaseMessagingInitProvider"
152-->[:firebase_messaging] AndroidManifest.xml:44:13-102
153            android:authorities="com.example.donation_app.flutterfirebasemessaginginitprovider"
153-->[:firebase_messaging] AndroidManifest.xml:45:13-88
154            android:exported="false"
154-->[:firebase_messaging] AndroidManifest.xml:46:13-37
155            android:initOrder="99" />
155-->[:firebase_messaging] AndroidManifest.xml:47:13-35
156
157        <service
157-->[:geolocator_android] AndroidManifest.xml:12:9-16:56
158            android:name="com.baseflow.geolocator.GeolocatorLocationService"
158-->[:geolocator_android] AndroidManifest.xml:13:13-77
159            android:enabled="true"
159-->[:geolocator_android] AndroidManifest.xml:14:13-35
160            android:exported="false"
160-->[:geolocator_android] AndroidManifest.xml:15:13-37
161            android:foregroundServiceType="location" />
161-->[:geolocator_android] AndroidManifest.xml:16:13-53
162
163        <provider
163-->[:image_picker_android] AndroidManifest.xml:10:9-18:20
164            android:name="io.flutter.plugins.imagepicker.ImagePickerFileProvider"
164-->[:image_picker_android] AndroidManifest.xml:11:13-82
165            android:authorities="com.example.donation_app.flutter.image_provider"
165-->[:image_picker_android] AndroidManifest.xml:12:13-74
166            android:exported="false"
166-->[:image_picker_android] AndroidManifest.xml:13:13-37
167            android:grantUriPermissions="true" >
167-->[:image_picker_android] AndroidManifest.xml:14:13-47
168            <meta-data
168-->[:image_picker_android] AndroidManifest.xml:15:13-17:75
169                android:name="android.support.FILE_PROVIDER_PATHS"
169-->[:image_picker_android] AndroidManifest.xml:16:17-67
170                android:resource="@xml/flutter_image_picker_file_paths" />
170-->[:image_picker_android] AndroidManifest.xml:17:17-72
171        </provider>
172
173        <receiver
173-->[:flutter_local_notifications] AndroidManifest.xml:16:9-18:40
174            android:name="com.dexterous.flutterlocalnotifications.ActionBroadcastReceiver"
174-->[:flutter_local_notifications] AndroidManifest.xml:17:13-91
175            android:exported="false" />
175-->[:flutter_local_notifications] AndroidManifest.xml:18:13-37
176        <receiver
176-->[:flutter_local_notifications] AndroidManifest.xml:19:9-21:40
177            android:name="com.dexterous.flutterlocalnotifications.ScheduledNotificationReceiver"
177-->[:flutter_local_notifications] AndroidManifest.xml:20:13-97
178            android:exported="false" />
178-->[:flutter_local_notifications] AndroidManifest.xml:21:13-37
179        <receiver
179-->[:flutter_local_notifications] AndroidManifest.xml:22:9-31:20
180            android:name="com.dexterous.flutterlocalnotifications.ScheduledNotificationBootReceiver"
180-->[:flutter_local_notifications] AndroidManifest.xml:23:13-101
181            android:exported="false" >
181-->[:flutter_local_notifications] AndroidManifest.xml:24:13-37
182            <intent-filter>
182-->[:flutter_local_notifications] AndroidManifest.xml:25:13-30:29
183                <action android:name="android.intent.action.BOOT_COMPLETED" />
183-->[:flutter_local_notifications] AndroidManifest.xml:26:17-79
183-->[:flutter_local_notifications] AndroidManifest.xml:26:25-76
184                <action android:name="android.intent.action.MY_PACKAGE_REPLACED" />
184-->[:flutter_local_notifications] AndroidManifest.xml:27:17-84
184-->[:flutter_local_notifications] AndroidManifest.xml:27:25-81
185                <action android:name="android.intent.action.QUICKBOOT_POWERON" />
185-->[:flutter_local_notifications] AndroidManifest.xml:28:17-82
185-->[:flutter_local_notifications] AndroidManifest.xml:28:25-79
186                <action android:name="com.htc.intent.action.QUICKBOOT_POWERON" />
186-->[:flutter_local_notifications] AndroidManifest.xml:29:17-82
186-->[:flutter_local_notifications] AndroidManifest.xml:29:25-79
187            </intent-filter>
188        </receiver>
189
190        <activity
190-->[:url_launcher_android] AndroidManifest.xml:10:9-13:74
191            android:name="io.flutter.plugins.urllauncher.WebViewActivity"
191-->[:url_launcher_android] AndroidManifest.xml:11:13-74
192            android:exported="false"
192-->[:url_launcher_android] AndroidManifest.xml:12:13-37
193            android:theme="@android:style/Theme.NoTitleBar.Fullscreen" />
193-->[:url_launcher_android] AndroidManifest.xml:13:13-71
194        <activity
194-->[com.google.firebase:firebase-auth:22.1.0] AndroidManifest.xml:29:9-46:20
195            android:name="com.google.firebase.auth.internal.GenericIdpActivity"
195-->[com.google.firebase:firebase-auth:22.1.0] AndroidManifest.xml:30:13-80
196            android:excludeFromRecents="true"
196-->[com.google.firebase:firebase-auth:22.1.0] AndroidManifest.xml:31:13-46
197            android:exported="true"
197-->[com.google.firebase:firebase-auth:22.1.0] AndroidManifest.xml:32:13-36
198            android:launchMode="singleTask"
198-->[com.google.firebase:firebase-auth:22.1.0] AndroidManifest.xml:33:13-44
199            android:theme="@android:style/Theme.Translucent.NoTitleBar" >
199-->[com.google.firebase:firebase-auth:22.1.0] AndroidManifest.xml:34:13-72
200            <intent-filter>
200-->[com.google.firebase:firebase-auth:22.1.0] AndroidManifest.xml:35:13-45:29
201                <action android:name="android.intent.action.VIEW" />
201-->[com.google.firebase:firebase-auth:22.1.0] AndroidManifest.xml:36:17-69
201-->[com.google.firebase:firebase-auth:22.1.0] AndroidManifest.xml:36:25-66
202
203                <category android:name="android.intent.category.DEFAULT" />
203-->[com.google.firebase:firebase-auth:22.1.0] AndroidManifest.xml:38:17-76
203-->[com.google.firebase:firebase-auth:22.1.0] AndroidManifest.xml:38:27-73
204                <category android:name="android.intent.category.BROWSABLE" />
204-->[com.google.firebase:firebase-auth:22.1.0] AndroidManifest.xml:39:17-78
204-->[com.google.firebase:firebase-auth:22.1.0] AndroidManifest.xml:39:27-75
205
206                <data
206-->[com.google.firebase:firebase-auth:22.1.0] AndroidManifest.xml:41:17-44:51
207                    android:host="firebase.auth"
207-->[com.google.firebase:firebase-auth:22.1.0] AndroidManifest.xml:42:21-49
208                    android:path="/"
208-->[com.google.firebase:firebase-auth:22.1.0] AndroidManifest.xml:43:21-37
209                    android:scheme="genericidp" />
209-->[com.google.firebase:firebase-auth:22.1.0] AndroidManifest.xml:44:21-48
210            </intent-filter>
211        </activity>
212        <activity
212-->[com.google.firebase:firebase-auth:22.1.0] AndroidManifest.xml:47:9-64:20
213            android:name="com.google.firebase.auth.internal.RecaptchaActivity"
213-->[com.google.firebase:firebase-auth:22.1.0] AndroidManifest.xml:48:13-79
214            android:excludeFromRecents="true"
214-->[com.google.firebase:firebase-auth:22.1.0] AndroidManifest.xml:49:13-46
215            android:exported="true"
215-->[com.google.firebase:firebase-auth:22.1.0] AndroidManifest.xml:50:13-36
216            android:launchMode="singleTask"
216-->[com.google.firebase:firebase-auth:22.1.0] AndroidManifest.xml:51:13-44
217            android:theme="@android:style/Theme.Translucent.NoTitleBar" >
217-->[com.google.firebase:firebase-auth:22.1.0] AndroidManifest.xml:52:13-72
218            <intent-filter>
218-->[com.google.firebase:firebase-auth:22.1.0] AndroidManifest.xml:53:13-63:29
219                <action android:name="android.intent.action.VIEW" />
219-->[com.google.firebase:firebase-auth:22.1.0] AndroidManifest.xml:36:17-69
219-->[com.google.firebase:firebase-auth:22.1.0] AndroidManifest.xml:36:25-66
220
221                <category android:name="android.intent.category.DEFAULT" />
221-->[com.google.firebase:firebase-auth:22.1.0] AndroidManifest.xml:38:17-76
221-->[com.google.firebase:firebase-auth:22.1.0] AndroidManifest.xml:38:27-73
222                <category android:name="android.intent.category.BROWSABLE" />
222-->[com.google.firebase:firebase-auth:22.1.0] AndroidManifest.xml:39:17-78
222-->[com.google.firebase:firebase-auth:22.1.0] AndroidManifest.xml:39:27-75
223
224                <data
224-->[com.google.firebase:firebase-auth:22.1.0] AndroidManifest.xml:41:17-44:51
225                    android:host="firebase.auth"
225-->[com.google.firebase:firebase-auth:22.1.0] AndroidManifest.xml:42:21-49
226                    android:path="/"
226-->[com.google.firebase:firebase-auth:22.1.0] AndroidManifest.xml:43:21-37
227                    android:scheme="recaptcha" />
227-->[com.google.firebase:firebase-auth:22.1.0] AndroidManifest.xml:44:21-48
228            </intent-filter>
229        </activity> <!-- Needs to be explicitly declared on P+ -->
230        <uses-library
230-->[com.google.android.gms:play-services-maps:18.1.0] AndroidManifest.xml:39:9-41:40
231            android:name="org.apache.http.legacy"
231-->[com.google.android.gms:play-services-maps:18.1.0] AndroidManifest.xml:40:13-50
232            android:required="false" />
232-->[com.google.android.gms:play-services-maps:18.1.0] AndroidManifest.xml:41:13-37
233
234        <receiver
234-->[com.google.firebase:firebase-messaging:23.2.0] AndroidManifest.xml:31:9-38:20
235            android:name="com.google.firebase.iid.FirebaseInstanceIdReceiver"
235-->[com.google.firebase:firebase-messaging:23.2.0] AndroidManifest.xml:32:13-78
236            android:exported="true"
236-->[com.google.firebase:firebase-messaging:23.2.0] AndroidManifest.xml:33:13-36
237            android:permission="com.google.android.c2dm.permission.SEND" >
237-->[com.google.firebase:firebase-messaging:23.2.0] AndroidManifest.xml:34:13-73
238            <intent-filter>
238-->[:firebase_messaging] AndroidManifest.xml:32:13-34:29
239                <action android:name="com.google.android.c2dm.intent.RECEIVE" />
239-->[:firebase_messaging] AndroidManifest.xml:33:17-81
239-->[:firebase_messaging] AndroidManifest.xml:33:25-78
240            </intent-filter>
241        </receiver>
242        <!--
243             FirebaseMessagingService performs security checks at runtime,
244             but set to not exported to explicitly avoid allowing another app to call it.
245        -->
246        <service
246-->[com.google.firebase:firebase-messaging:23.2.0] AndroidManifest.xml:44:9-51:19
247            android:name="com.google.firebase.messaging.FirebaseMessagingService"
247-->[com.google.firebase:firebase-messaging:23.2.0] AndroidManifest.xml:45:13-82
248            android:directBootAware="true"
248-->[com.google.firebase:firebase-messaging:23.2.0] AndroidManifest.xml:46:13-43
249            android:exported="false" >
249-->[com.google.firebase:firebase-messaging:23.2.0] AndroidManifest.xml:47:13-37
250            <intent-filter android:priority="-500" >
250-->[:firebase_messaging] AndroidManifest.xml:23:13-25:29
251                <action android:name="com.google.firebase.MESSAGING_EVENT" />
251-->[:firebase_messaging] AndroidManifest.xml:24:17-78
251-->[:firebase_messaging] AndroidManifest.xml:24:25-75
252            </intent-filter>
253        </service>
254
255        <provider
255-->[com.google.firebase:firebase-common:20.3.3] AndroidManifest.xml:25:9-30:39
256            android:name="com.google.firebase.provider.FirebaseInitProvider"
256-->[com.google.firebase:firebase-common:20.3.3] AndroidManifest.xml:26:13-77
257            android:authorities="com.example.donation_app.firebaseinitprovider"
257-->[com.google.firebase:firebase-common:20.3.3] AndroidManifest.xml:27:13-72
258            android:directBootAware="true"
258-->[com.google.firebase:firebase-common:20.3.3] AndroidManifest.xml:28:13-43
259            android:exported="false"
259-->[com.google.firebase:firebase-common:20.3.3] AndroidManifest.xml:29:13-37
260            android:initOrder="100" />
260-->[com.google.firebase:firebase-common:20.3.3] AndroidManifest.xml:30:13-36
261
262        <receiver
262-->[com.google.android.gms:play-services-measurement:21.3.0] AndroidManifest.xml:29:9-33:20
263            android:name="com.google.android.gms.measurement.AppMeasurementReceiver"
263-->[com.google.android.gms:play-services-measurement:21.3.0] AndroidManifest.xml:30:13-85
264            android:enabled="true"
264-->[com.google.android.gms:play-services-measurement:21.3.0] AndroidManifest.xml:31:13-35
265            android:exported="false" >
265-->[com.google.android.gms:play-services-measurement:21.3.0] AndroidManifest.xml:32:13-37
266        </receiver>
267
268        <service
268-->[com.google.android.gms:play-services-measurement:21.3.0] AndroidManifest.xml:35:9-38:40
269            android:name="com.google.android.gms.measurement.AppMeasurementService"
269-->[com.google.android.gms:play-services-measurement:21.3.0] AndroidManifest.xml:36:13-84
270            android:enabled="true"
270-->[com.google.android.gms:play-services-measurement:21.3.0] AndroidManifest.xml:37:13-35
271            android:exported="false" />
271-->[com.google.android.gms:play-services-measurement:21.3.0] AndroidManifest.xml:38:13-37
272        <service